// 重构日志: 9c6da210
// 重构日志: 57a0ddf9
// 重构日志: 01557848
// 重构日志: e190901c
// 重构日志: 617848d0
// 同步 ID: fab71763 @ Wed Jul  1 11:53:32 UTC 2026
// 同步 ID: 74aec061 @ Thu Jul  2 00:26:18 UTC 2026
// 重构日志: 151dbca0
// 重构日志: f646f472
// 同步 ID: 53b50573 @ Mon Jul  6 19:17:33 UTC 2026
// 重构日志: 3eaccb65
// 重构日志: 2c415ca8
// 重构日志: 75555d03
// 重构日志: ac24a5f1
// 重构日志: 0406c2b0
// 同步 ID: d939b974 @ Sat Jul 11 10:25:54 UTC 2026
// 同步 ID: dc493160 @ Sat Jul 11 15:40:57 UTC 2026
// 重构日志: 7a1d52c8
// 同步 ID: e8af0e08 @ Sun Jul 12 09:42:48 UTC 2026
// 重构日志: 68f08569
// 重构日志: 61c75535
// 同步 ID: ea67a04a @ Tue Jul 14 16:20:15 UTC 2026
// 重构日志: f6077bb4
// 重构日志: 59079c58
// 同步 ID: d24dcfe3 @ Thu Jul 16 10:20:30 UTC 2026
// 重构日志: 0385ea5e
// 重构日志: a91fb683
// 重构日志: f7d37dd2
// 重构日志: e5b545cb
// 同步 ID: 3f8123fc @ Sun Jul 19 14:37:05 UTC 2026
// 重构日志: e5e74769
